CRITICAL - 2025-07-01 17:14:00 --> ParseError: syntax error, unexpected token "<<", expecting end of file
[Method: CLI, Route: serve]
in APPPATH\Config\Routes.php on line 9.
 1 SYSTEMPATH\CLI\Console.php(41): CodeIgniter\Router\RouteCollection->loadRoutes()
 2 SYSTEMPATH\Boot.php(360): CodeIgniter\CLI\Console->run()
 3 SYSTEMPATH\Boot.php(104): CodeIgniter\Boot::runCommand(Object(CodeIgniter\CLI\Console))
 4 ROOTPATH\spark(87): CodeIgniter\Boot::bootSpark(Object(Config\Paths))
ERROR - 2025-07-01 17:22:52 --> Error connecting to the database: mysqli_sql_exception: Access denied for user 'root'@'localhost' (using password: YES) in C:\xampp\htdocs\Coldigniter-CP-master\Coldigniter-CP-master\system\Database\MySQLi\Connection.php:201
Stack trace:
#0 C:\xampp\htdocs\Coldigniter-CP-master\Coldigniter-CP-master\system\Database\MySQLi\Connection.php(201): mysqli->real_connect('127.0.0.1', 'root', Object(SensitiveParameterValue), 'bd_produtos', 3306, '', 0)
#1 C:\xampp\htdocs\Coldigniter-CP-master\Coldigniter-CP-master\system\Database\BaseConnection.php(421): CodeIgniter\Database\MySQLi\Connection->connect(false)
#2 C:\xampp\htdocs\Coldigniter-CP-master\Coldigniter-CP-master\system\Database\BaseConnection.php(620): CodeIgniter\Database\BaseConnection->initialize()
#3 C:\xampp\htdocs\Coldigniter-CP-master\Coldigniter-CP-master\system\Database\BaseBuilder.php(1649): CodeIgniter\Database\BaseConnection->query('SELECT *\nFROM `...', Array, false)
#4 C:\xampp\htdocs\Coldigniter-CP-master\Coldigniter-CP-master\system\Model.php(286): CodeIgniter\Database\BaseBuilder->get()
#5 C:\xampp\htdocs\Coldigniter-CP-master\Coldigniter-CP-master\system\BaseModel.php(679): CodeIgniter\Model->doFindAll(0, 0)
#6 C:\xampp\htdocs\Coldigniter-CP-master\Coldigniter-CP-master\app\Controllers\Produtos.php(14): CodeIgniter\BaseModel->findAll()
#7 C:\xampp\htdocs\Coldigniter-CP-master\Coldigniter-CP-master\system\CodeIgniter.php(933): App\Controllers\Produtos->index()
#8 C:\xampp\htdocs\Coldigniter-CP-master\Coldigniter-CP-master\system\CodeIgniter.php(507): CodeIgniter\CodeIgniter->runController(Object(App\Controllers\Produtos))
#9 C:\xampp\htdocs\Coldigniter-CP-master\Coldigniter-CP-master\system\CodeIgniter.php(354): CodeIgniter\CodeIgniter->handleRequest(NULL, Object(Config\Cache), false)
#10 C:\xampp\htdocs\Coldigniter-CP-master\Coldigniter-CP-master\system\Boot.php(334): CodeIgniter\CodeIgniter->run()
#11 C:\xampp\htdocs\Coldigniter-CP-master\Coldigniter-CP-master\system\Boot.php(67): CodeIgniter\Boot::runCodeIgniter(Object(CodeIgniter\CodeIgniter))
#12 C:\xampp\htdocs\Coldigniter-CP-master\Coldigniter-CP-master\public\index.php(59): CodeIgniter\Boot::bootWeb(Object(Config\Paths))
#13 C:\xampp\htdocs\Coldigniter-CP-master\Coldigniter-CP-master\system\rewrite.php(44): require_once('C:\\xampp\\htdocs...')
#14 {main}

Next CodeIgniter\Database\Exceptions\DatabaseException: Access denied for user '****'@'localhost' (using password: YES) in C:\xampp\htdocs\Coldigniter-CP-master\Coldigniter-CP-master\system\Database\MySQLi\Connection.php:246
Stack trace:
#0 C:\xampp\htdocs\Coldigniter-CP-master\Coldigniter-CP-master\system\Database\BaseConnection.php(421): CodeIgniter\Database\MySQLi\Connection->connect(false)
#1 C:\xampp\htdocs\Coldigniter-CP-master\Coldigniter-CP-master\system\Database\BaseConnection.php(620): CodeIgniter\Database\BaseConnection->initialize()
#2 C:\xampp\htdocs\Coldigniter-CP-master\Coldigniter-CP-master\system\Database\BaseBuilder.php(1649): CodeIgniter\Database\BaseConnection->query('SELECT *\nFROM `...', Array, false)
#3 C:\xampp\htdocs\Coldigniter-CP-master\Coldigniter-CP-master\system\Model.php(286): CodeIgniter\Database\BaseBuilder->get()
#4 C:\xampp\htdocs\Coldigniter-CP-master\Coldigniter-CP-master\system\BaseModel.php(679): CodeIgniter\Model->doFindAll(0, 0)
#5 C:\xampp\htdocs\Coldigniter-CP-master\Coldigniter-CP-master\app\Controllers\Produtos.php(14): CodeIgniter\BaseModel->findAll()
#6 C:\xampp\htdocs\Coldigniter-CP-master\Coldigniter-CP-master\system\CodeIgniter.php(933): App\Controllers\Produtos->index()
#7 C:\xampp\htdocs\Coldigniter-CP-master\Coldigniter-CP-master\system\CodeIgniter.php(507): CodeIgniter\CodeIgniter->runController(Object(App\Controllers\Produtos))
#8 C:\xampp\htdocs\Coldigniter-CP-master\Coldigniter-CP-master\system\CodeIgniter.php(354): CodeIgniter\CodeIgniter->handleRequest(NULL, Object(Config\Cache), false)
#9 C:\xampp\htdocs\Coldigniter-CP-master\Coldigniter-CP-master\system\Boot.php(334): CodeIgniter\CodeIgniter->run()
#10 C:\xampp\htdocs\Coldigniter-CP-master\Coldigniter-CP-master\system\Boot.php(67): CodeIgniter\Boot::runCodeIgniter(Object(CodeIgniter\CodeIgniter))
#11 C:\xampp\htdocs\Coldigniter-CP-master\Coldigniter-CP-master\public\index.php(59): CodeIgniter\Boot::bootWeb(Object(Config\Paths))
#12 C:\xampp\htdocs\Coldigniter-CP-master\Coldigniter-CP-master\system\rewrite.php(44): require_once('C:\\xampp\\htdocs...')
#13 {main}
CRITICAL - 2025-07-01 17:22:52 --> CodeIgniter\Database\Exceptions\DatabaseException: Unable to connect to the database.
Main connection [MySQLi]: Access denied for user '****'@'localhost' (using password: YES)
[Method: GET, Route: /]
in SYSTEMPATH\Database\BaseConnection.php on line 467.
 1 SYSTEMPATH\Database\BaseConnection.php(620): CodeIgniter\Database\BaseConnection->initialize()
 2 SYSTEMPATH\Database\BaseBuilder.php(1649): CodeIgniter\Database\BaseConnection->query('SELECT *
FROM `produtos`', [], false)
 3 SYSTEMPATH\Model.php(286): CodeIgniter\Database\BaseBuilder->get()
 4 SYSTEMPATH\BaseModel.php(679): CodeIgniter\Model->doFindAll(0, 0)
 5 APPPATH\Controllers\Produtos.php(14): CodeIgniter\BaseModel->findAll()
 6 SYSTEMPATH\CodeIgniter.php(933): App\Controllers\Produtos->index()
 7 SYSTEMPATH\CodeIgniter.php(507): CodeIgniter\CodeIgniter->runController(Object(App\Controllers\Produtos))
 8 SYSTEMPATH\CodeIgniter.php(354): CodeIgniter\CodeIgniter->handleRequest(null, Object(Config\Cache), false)
 9 SYSTEMPATH\Boot.php(334): CodeIgniter\CodeIgniter->run()
10 SYSTEMPATH\Boot.php(67): CodeIgniter\Boot::runCodeIgniter(Object(CodeIgniter\CodeIgniter))
11 FCPATH\index.php(59): CodeIgniter\Boot::bootWeb(Object(Config\Paths))
12 SYSTEMPATH\rewrite.php(44): require_once('C:\\xampp\\htdocs\\Coldigniter-CP-master\\Coldigniter-CP-master\\public\\index.php')
ERROR - 2025-07-01 17:22:57 --> Error connecting to the database: mysqli_sql_exception: Access denied for user 'root'@'localhost' (using password: YES) in C:\xampp\htdocs\Coldigniter-CP-master\Coldigniter-CP-master\system\Database\MySQLi\Connection.php:201
Stack trace:
#0 C:\xampp\htdocs\Coldigniter-CP-master\Coldigniter-CP-master\system\Database\MySQLi\Connection.php(201): mysqli->real_connect('127.0.0.1', 'root', Object(SensitiveParameterValue), 'bd_produtos', 3306, '', 0)
#1 C:\xampp\htdocs\Coldigniter-CP-master\Coldigniter-CP-master\system\Database\BaseConnection.php(421): CodeIgniter\Database\MySQLi\Connection->connect(false)
#2 C:\xampp\htdocs\Coldigniter-CP-master\Coldigniter-CP-master\system\Database\BaseConnection.php(620): CodeIgniter\Database\BaseConnection->initialize()
#3 C:\xampp\htdocs\Coldigniter-CP-master\Coldigniter-CP-master\system\Database\BaseBuilder.php(1649): CodeIgniter\Database\BaseConnection->query('SELECT *\nFROM `...', Array, false)
#4 C:\xampp\htdocs\Coldigniter-CP-master\Coldigniter-CP-master\system\Model.php(286): CodeIgniter\Database\BaseBuilder->get()
#5 C:\xampp\htdocs\Coldigniter-CP-master\Coldigniter-CP-master\system\BaseModel.php(679): CodeIgniter\Model->doFindAll(0, 0)
#6 C:\xampp\htdocs\Coldigniter-CP-master\Coldigniter-CP-master\app\Controllers\Produtos.php(14): CodeIgniter\BaseModel->findAll()
#7 C:\xampp\htdocs\Coldigniter-CP-master\Coldigniter-CP-master\system\CodeIgniter.php(933): App\Controllers\Produtos->index()
#8 C:\xampp\htdocs\Coldigniter-CP-master\Coldigniter-CP-master\system\CodeIgniter.php(507): CodeIgniter\CodeIgniter->runController(Object(App\Controllers\Produtos))
#9 C:\xampp\htdocs\Coldigniter-CP-master\Coldigniter-CP-master\system\CodeIgniter.php(354): CodeIgniter\CodeIgniter->handleRequest(NULL, Object(Config\Cache), false)
#10 C:\xampp\htdocs\Coldigniter-CP-master\Coldigniter-CP-master\system\Boot.php(334): CodeIgniter\CodeIgniter->run()
#11 C:\xampp\htdocs\Coldigniter-CP-master\Coldigniter-CP-master\system\Boot.php(67): CodeIgniter\Boot::runCodeIgniter(Object(CodeIgniter\CodeIgniter))
#12 C:\xampp\htdocs\Coldigniter-CP-master\Coldigniter-CP-master\public\index.php(59): CodeIgniter\Boot::bootWeb(Object(Config\Paths))
#13 C:\xampp\htdocs\Coldigniter-CP-master\Coldigniter-CP-master\system\rewrite.php(44): require_once('C:\\xampp\\htdocs...')
#14 {main}

Next CodeIgniter\Database\Exceptions\DatabaseException: Access denied for user '****'@'localhost' (using password: YES) in C:\xampp\htdocs\Coldigniter-CP-master\Coldigniter-CP-master\system\Database\MySQLi\Connection.php:246
Stack trace:
#0 C:\xampp\htdocs\Coldigniter-CP-master\Coldigniter-CP-master\system\Database\BaseConnection.php(421): CodeIgniter\Database\MySQLi\Connection->connect(false)
#1 C:\xampp\htdocs\Coldigniter-CP-master\Coldigniter-CP-master\system\Database\BaseConnection.php(620): CodeIgniter\Database\BaseConnection->initialize()
#2 C:\xampp\htdocs\Coldigniter-CP-master\Coldigniter-CP-master\system\Database\BaseBuilder.php(1649): CodeIgniter\Database\BaseConnection->query('SELECT *\nFROM `...', Array, false)
#3 C:\xampp\htdocs\Coldigniter-CP-master\Coldigniter-CP-master\system\Model.php(286): CodeIgniter\Database\BaseBuilder->get()
#4 C:\xampp\htdocs\Coldigniter-CP-master\Coldigniter-CP-master\system\BaseModel.php(679): CodeIgniter\Model->doFindAll(0, 0)
#5 C:\xampp\htdocs\Coldigniter-CP-master\Coldigniter-CP-master\app\Controllers\Produtos.php(14): CodeIgniter\BaseModel->findAll()
#6 C:\xampp\htdocs\Coldigniter-CP-master\Coldigniter-CP-master\system\CodeIgniter.php(933): App\Controllers\Produtos->index()
#7 C:\xampp\htdocs\Coldigniter-CP-master\Coldigniter-CP-master\system\CodeIgniter.php(507): CodeIgniter\CodeIgniter->runController(Object(App\Controllers\Produtos))
#8 C:\xampp\htdocs\Coldigniter-CP-master\Coldigniter-CP-master\system\CodeIgniter.php(354): CodeIgniter\CodeIgniter->handleRequest(NULL, Object(Config\Cache), false)
#9 C:\xampp\htdocs\Coldigniter-CP-master\Coldigniter-CP-master\system\Boot.php(334): CodeIgniter\CodeIgniter->run()
#10 C:\xampp\htdocs\Coldigniter-CP-master\Coldigniter-CP-master\system\Boot.php(67): CodeIgniter\Boot::runCodeIgniter(Object(CodeIgniter\CodeIgniter))
#11 C:\xampp\htdocs\Coldigniter-CP-master\Coldigniter-CP-master\public\index.php(59): CodeIgniter\Boot::bootWeb(Object(Config\Paths))
#12 C:\xampp\htdocs\Coldigniter-CP-master\Coldigniter-CP-master\system\rewrite.php(44): require_once('C:\\xampp\\htdocs...')
#13 {main}
CRITICAL - 2025-07-01 17:22:57 --> CodeIgniter\Database\Exceptions\DatabaseException: Unable to connect to the database.
Main connection [MySQLi]: Access denied for user '****'@'localhost' (using password: YES)
[Method: GET, Route: /]
in SYSTEMPATH\Database\BaseConnection.php on line 467.
 1 SYSTEMPATH\Database\BaseConnection.php(620): CodeIgniter\Database\BaseConnection->initialize()
 2 SYSTEMPATH\Database\BaseBuilder.php(1649): CodeIgniter\Database\BaseConnection->query('SELECT *
FROM `produtos`', [], false)
 3 SYSTEMPATH\Model.php(286): CodeIgniter\Database\BaseBuilder->get()
 4 SYSTEMPATH\BaseModel.php(679): CodeIgniter\Model->doFindAll(0, 0)
 5 APPPATH\Controllers\Produtos.php(14): CodeIgniter\BaseModel->findAll()
 6 SYSTEMPATH\CodeIgniter.php(933): App\Controllers\Produtos->index()
 7 SYSTEMPATH\CodeIgniter.php(507): CodeIgniter\CodeIgniter->runController(Object(App\Controllers\Produtos))
 8 SYSTEMPATH\CodeIgniter.php(354): CodeIgniter\CodeIgniter->handleRequest(null, Object(Config\Cache), false)
 9 SYSTEMPATH\Boot.php(334): CodeIgniter\CodeIgniter->run()
10 SYSTEMPATH\Boot.php(67): CodeIgniter\Boot::runCodeIgniter(Object(CodeIgniter\CodeIgniter))
11 FCPATH\index.php(59): CodeIgniter\Boot::bootWeb(Object(Config\Paths))
12 SYSTEMPATH\rewrite.php(44): require_once('C:\\xampp\\htdocs\\Coldigniter-CP-master\\Coldigniter-CP-master\\public\\index.php')
ERROR - 2025-07-01 17:22:58 --> Error connecting to the database: mysqli_sql_exception: Access denied for user 'root'@'localhost' (using password: YES) in C:\xampp\htdocs\Coldigniter-CP-master\Coldigniter-CP-master\system\Database\MySQLi\Connection.php:201
Stack trace:
#0 C:\xampp\htdocs\Coldigniter-CP-master\Coldigniter-CP-master\system\Database\MySQLi\Connection.php(201): mysqli->real_connect('127.0.0.1', 'root', Object(SensitiveParameterValue), 'bd_produtos', 3306, '', 0)
#1 C:\xampp\htdocs\Coldigniter-CP-master\Coldigniter-CP-master\system\Database\BaseConnection.php(421): CodeIgniter\Database\MySQLi\Connection->connect(false)
#2 C:\xampp\htdocs\Coldigniter-CP-master\Coldigniter-CP-master\system\Database\BaseConnection.php(620): CodeIgniter\Database\BaseConnection->initialize()
#3 C:\xampp\htdocs\Coldigniter-CP-master\Coldigniter-CP-master\system\Database\BaseBuilder.php(1649): CodeIgniter\Database\BaseConnection->query('SELECT *\nFROM `...', Array, false)
#4 C:\xampp\htdocs\Coldigniter-CP-master\Coldigniter-CP-master\system\Model.php(286): CodeIgniter\Database\BaseBuilder->get()
#5 C:\xampp\htdocs\Coldigniter-CP-master\Coldigniter-CP-master\system\BaseModel.php(679): CodeIgniter\Model->doFindAll(0, 0)
#6 C:\xampp\htdocs\Coldigniter-CP-master\Coldigniter-CP-master\app\Controllers\Produtos.php(14): CodeIgniter\BaseModel->findAll()
#7 C:\xampp\htdocs\Coldigniter-CP-master\Coldigniter-CP-master\system\CodeIgniter.php(933): App\Controllers\Produtos->index()
#8 C:\xampp\htdocs\Coldigniter-CP-master\Coldigniter-CP-master\system\CodeIgniter.php(507): CodeIgniter\CodeIgniter->runController(Object(App\Controllers\Produtos))
#9 C:\xampp\htdocs\Coldigniter-CP-master\Coldigniter-CP-master\system\CodeIgniter.php(354): CodeIgniter\CodeIgniter->handleRequest(NULL, Object(Config\Cache), false)
#10 C:\xampp\htdocs\Coldigniter-CP-master\Coldigniter-CP-master\system\Boot.php(334): CodeIgniter\CodeIgniter->run()
#11 C:\xampp\htdocs\Coldigniter-CP-master\Coldigniter-CP-master\system\Boot.php(67): CodeIgniter\Boot::runCodeIgniter(Object(CodeIgniter\CodeIgniter))
#12 C:\xampp\htdocs\Coldigniter-CP-master\Coldigniter-CP-master\public\index.php(59): CodeIgniter\Boot::bootWeb(Object(Config\Paths))
#13 C:\xampp\htdocs\Coldigniter-CP-master\Coldigniter-CP-master\system\rewrite.php(44): require_once('C:\\xampp\\htdocs...')
#14 {main}

Next CodeIgniter\Database\Exceptions\DatabaseException: Access denied for user '****'@'localhost' (using password: YES) in C:\xampp\htdocs\Coldigniter-CP-master\Coldigniter-CP-master\system\Database\MySQLi\Connection.php:246
Stack trace:
#0 C:\xampp\htdocs\Coldigniter-CP-master\Coldigniter-CP-master\system\Database\BaseConnection.php(421): CodeIgniter\Database\MySQLi\Connection->connect(false)
#1 C:\xampp\htdocs\Coldigniter-CP-master\Coldigniter-CP-master\system\Database\BaseConnection.php(620): CodeIgniter\Database\BaseConnection->initialize()
#2 C:\xampp\htdocs\Coldigniter-CP-master\Coldigniter-CP-master\system\Database\BaseBuilder.php(1649): CodeIgniter\Database\BaseConnection->query('SELECT *\nFROM `...', Array, false)
#3 C:\xampp\htdocs\Coldigniter-CP-master\Coldigniter-CP-master\system\Model.php(286): CodeIgniter\Database\BaseBuilder->get()
#4 C:\xampp\htdocs\Coldigniter-CP-master\Coldigniter-CP-master\system\BaseModel.php(679): CodeIgniter\Model->doFindAll(0, 0)
#5 C:\xampp\htdocs\Coldigniter-CP-master\Coldigniter-CP-master\app\Controllers\Produtos.php(14): CodeIgniter\BaseModel->findAll()
#6 C:\xampp\htdocs\Coldigniter-CP-master\Coldigniter-CP-master\system\CodeIgniter.php(933): App\Controllers\Produtos->index()
#7 C:\xampp\htdocs\Coldigniter-CP-master\Coldigniter-CP-master\system\CodeIgniter.php(507): CodeIgniter\CodeIgniter->runController(Object(App\Controllers\Produtos))
#8 C:\xampp\htdocs\Coldigniter-CP-master\Coldigniter-CP-master\system\CodeIgniter.php(354): CodeIgniter\CodeIgniter->handleRequest(NULL, Object(Config\Cache), false)
#9 C:\xampp\htdocs\Coldigniter-CP-master\Coldigniter-CP-master\system\Boot.php(334): CodeIgniter\CodeIgniter->run()
#10 C:\xampp\htdocs\Coldigniter-CP-master\Coldigniter-CP-master\system\Boot.php(67): CodeIgniter\Boot::runCodeIgniter(Object(CodeIgniter\CodeIgniter))
#11 C:\xampp\htdocs\Coldigniter-CP-master\Coldigniter-CP-master\public\index.php(59): CodeIgniter\Boot::bootWeb(Object(Config\Paths))
#12 C:\xampp\htdocs\Coldigniter-CP-master\Coldigniter-CP-master\system\rewrite.php(44): require_once('C:\\xampp\\htdocs...')
#13 {main}
CRITICAL - 2025-07-01 17:22:58 --> CodeIgniter\Database\Exceptions\DatabaseException: Unable to connect to the database.
Main connection [MySQLi]: Access denied for user '****'@'localhost' (using password: YES)
[Method: GET, Route: /]
in SYSTEMPATH\Database\BaseConnection.php on line 467.
 1 SYSTEMPATH\Database\BaseConnection.php(620): CodeIgniter\Database\BaseConnection->initialize()
 2 SYSTEMPATH\Database\BaseBuilder.php(1649): CodeIgniter\Database\BaseConnection->query('SELECT *
FROM `produtos`', [], false)
 3 SYSTEMPATH\Model.php(286): CodeIgniter\Database\BaseBuilder->get()
 4 SYSTEMPATH\BaseModel.php(679): CodeIgniter\Model->doFindAll(0, 0)
 5 APPPATH\Controllers\Produtos.php(14): CodeIgniter\BaseModel->findAll()
 6 SYSTEMPATH\CodeIgniter.php(933): App\Controllers\Produtos->index()
 7 SYSTEMPATH\CodeIgniter.php(507): CodeIgniter\CodeIgniter->runController(Object(App\Controllers\Produtos))
 8 SYSTEMPATH\CodeIgniter.php(354): CodeIgniter\CodeIgniter->handleRequest(null, Object(Config\Cache), false)
 9 SYSTEMPATH\Boot.php(334): CodeIgniter\CodeIgniter->run()
10 SYSTEMPATH\Boot.php(67): CodeIgniter\Boot::runCodeIgniter(Object(CodeIgniter\CodeIgniter))
11 FCPATH\index.php(59): CodeIgniter\Boot::bootWeb(Object(Config\Paths))
12 SYSTEMPATH\rewrite.php(44): require_once('C:\\xampp\\htdocs\\Coldigniter-CP-master\\Coldigniter-CP-master\\public\\index.php')
ERROR - 2025-07-01 17:23:02 --> Error connecting to the database: mysqli_sql_exception: Access denied for user 'root'@'localhost' (using password: YES) in C:\xampp\htdocs\Coldigniter-CP-master\Coldigniter-CP-master\system\Database\MySQLi\Connection.php:201
Stack trace:
#0 C:\xampp\htdocs\Coldigniter-CP-master\Coldigniter-CP-master\system\Database\MySQLi\Connection.php(201): mysqli->real_connect('127.0.0.1', 'root', Object(SensitiveParameterValue), 'bd_produtos', 3306, '', 0)
#1 C:\xampp\htdocs\Coldigniter-CP-master\Coldigniter-CP-master\system\Database\BaseConnection.php(421): CodeIgniter\Database\MySQLi\Connection->connect(false)
#2 C:\xampp\htdocs\Coldigniter-CP-master\Coldigniter-CP-master\system\Database\BaseConnection.php(620): CodeIgniter\Database\BaseConnection->initialize()
#3 C:\xampp\htdocs\Coldigniter-CP-master\Coldigniter-CP-master\system\Database\BaseBuilder.php(1649): CodeIgniter\Database\BaseConnection->query('SELECT *\nFROM `...', Array, false)
#4 C:\xampp\htdocs\Coldigniter-CP-master\Coldigniter-CP-master\system\Model.php(286): CodeIgniter\Database\BaseBuilder->get()
#5 C:\xampp\htdocs\Coldigniter-CP-master\Coldigniter-CP-master\system\BaseModel.php(679): CodeIgniter\Model->doFindAll(0, 0)
#6 C:\xampp\htdocs\Coldigniter-CP-master\Coldigniter-CP-master\app\Controllers\Produtos.php(14): CodeIgniter\BaseModel->findAll()
#7 C:\xampp\htdocs\Coldigniter-CP-master\Coldigniter-CP-master\system\CodeIgniter.php(933): App\Controllers\Produtos->index()
#8 C:\xampp\htdocs\Coldigniter-CP-master\Coldigniter-CP-master\system\CodeIgniter.php(507): CodeIgniter\CodeIgniter->runController(Object(App\Controllers\Produtos))
#9 C:\xampp\htdocs\Coldigniter-CP-master\Coldigniter-CP-master\system\CodeIgniter.php(354): CodeIgniter\CodeIgniter->handleRequest(NULL, Object(Config\Cache), false)
#10 C:\xampp\htdocs\Coldigniter-CP-master\Coldigniter-CP-master\system\Boot.php(334): CodeIgniter\CodeIgniter->run()
#11 C:\xampp\htdocs\Coldigniter-CP-master\Coldigniter-CP-master\system\Boot.php(67): CodeIgniter\Boot::runCodeIgniter(Object(CodeIgniter\CodeIgniter))
#12 C:\xampp\htdocs\Coldigniter-CP-master\Coldigniter-CP-master\public\index.php(59): CodeIgniter\Boot::bootWeb(Object(Config\Paths))
#13 C:\xampp\htdocs\Coldigniter-CP-master\Coldigniter-CP-master\system\rewrite.php(44): require_once('C:\\xampp\\htdocs...')
#14 {main}

Next CodeIgniter\Database\Exceptions\DatabaseException: Access denied for user '****'@'localhost' (using password: YES) in C:\xampp\htdocs\Coldigniter-CP-master\Coldigniter-CP-master\system\Database\MySQLi\Connection.php:246
Stack trace:
#0 C:\xampp\htdocs\Coldigniter-CP-master\Coldigniter-CP-master\system\Database\BaseConnection.php(421): CodeIgniter\Database\MySQLi\Connection->connect(false)
#1 C:\xampp\htdocs\Coldigniter-CP-master\Coldigniter-CP-master\system\Database\BaseConnection.php(620): CodeIgniter\Database\BaseConnection->initialize()
#2 C:\xampp\htdocs\Coldigniter-CP-master\Coldigniter-CP-master\system\Database\BaseBuilder.php(1649): CodeIgniter\Database\BaseConnection->query('SELECT *\nFROM `...', Array, false)
#3 C:\xampp\htdocs\Coldigniter-CP-master\Coldigniter-CP-master\system\Model.php(286): CodeIgniter\Database\BaseBuilder->get()
#4 C:\xampp\htdocs\Coldigniter-CP-master\Coldigniter-CP-master\system\BaseModel.php(679): CodeIgniter\Model->doFindAll(0, 0)
#5 C:\xampp\htdocs\Coldigniter-CP-master\Coldigniter-CP-master\app\Controllers\Produtos.php(14): CodeIgniter\BaseModel->findAll()
#6 C:\xampp\htdocs\Coldigniter-CP-master\Coldigniter-CP-master\system\CodeIgniter.php(933): App\Controllers\Produtos->index()
#7 C:\xampp\htdocs\Coldigniter-CP-master\Coldigniter-CP-master\system\CodeIgniter.php(507): CodeIgniter\CodeIgniter->runController(Object(App\Controllers\Produtos))
#8 C:\xampp\htdocs\Coldigniter-CP-master\Coldigniter-CP-master\system\CodeIgniter.php(354): CodeIgniter\CodeIgniter->handleRequest(NULL, Object(Config\Cache), false)
#9 C:\xampp\htdocs\Coldigniter-CP-master\Coldigniter-CP-master\system\Boot.php(334): CodeIgniter\CodeIgniter->run()
#10 C:\xampp\htdocs\Coldigniter-CP-master\Coldigniter-CP-master\system\Boot.php(67): CodeIgniter\Boot::runCodeIgniter(Object(CodeIgniter\CodeIgniter))
#11 C:\xampp\htdocs\Coldigniter-CP-master\Coldigniter-CP-master\public\index.php(59): CodeIgniter\Boot::bootWeb(Object(Config\Paths))
#12 C:\xampp\htdocs\Coldigniter-CP-master\Coldigniter-CP-master\system\rewrite.php(44): require_once('C:\\xampp\\htdocs...')
#13 {main}
CRITICAL - 2025-07-01 17:23:02 --> CodeIgniter\Database\Exceptions\DatabaseException: Unable to connect to the database.
Main connection [MySQLi]: Access denied for user '****'@'localhost' (using password: YES)
[Method: GET, Route: /]
in SYSTEMPATH\Database\BaseConnection.php on line 467.
 1 SYSTEMPATH\Database\BaseConnection.php(620): CodeIgniter\Database\BaseConnection->initialize()
 2 SYSTEMPATH\Database\BaseBuilder.php(1649): CodeIgniter\Database\BaseConnection->query('SELECT *
FROM `produtos`', [], false)
 3 SYSTEMPATH\Model.php(286): CodeIgniter\Database\BaseBuilder->get()
 4 SYSTEMPATH\BaseModel.php(679): CodeIgniter\Model->doFindAll(0, 0)
 5 APPPATH\Controllers\Produtos.php(14): CodeIgniter\BaseModel->findAll()
 6 SYSTEMPATH\CodeIgniter.php(933): App\Controllers\Produtos->index()
 7 SYSTEMPATH\CodeIgniter.php(507): CodeIgniter\CodeIgniter->runController(Object(App\Controllers\Produtos))
 8 SYSTEMPATH\CodeIgniter.php(354): CodeIgniter\CodeIgniter->handleRequest(null, Object(Config\Cache), false)
 9 SYSTEMPATH\Boot.php(334): CodeIgniter\CodeIgniter->run()
10 SYSTEMPATH\Boot.php(67): CodeIgniter\Boot::runCodeIgniter(Object(CodeIgniter\CodeIgniter))
11 FCPATH\index.php(59): CodeIgniter\Boot::bootWeb(Object(Config\Paths))
12 SYSTEMPATH\rewrite.php(44): require_once('C:\\xampp\\htdocs\\Coldigniter-CP-master\\Coldigniter-CP-master\\public\\index.php')
ERROR - 2025-07-01 17:23:52 --> Error connecting to the database: mysqli_sql_exception: Access denied for user 'root'@'localhost' (using password: YES) in C:\xampp\htdocs\Coldigniter-CP-master\Coldigniter-CP-master\system\Database\MySQLi\Connection.php:201
Stack trace:
#0 C:\xampp\htdocs\Coldigniter-CP-master\Coldigniter-CP-master\system\Database\MySQLi\Connection.php(201): mysqli->real_connect('127.0.0.1', 'root', Object(SensitiveParameterValue), 'bd_produtos', 3306, '', 0)
#1 C:\xampp\htdocs\Coldigniter-CP-master\Coldigniter-CP-master\system\Database\BaseConnection.php(421): CodeIgniter\Database\MySQLi\Connection->connect(false)
#2 C:\xampp\htdocs\Coldigniter-CP-master\Coldigniter-CP-master\system\Database\BaseConnection.php(620): CodeIgniter\Database\BaseConnection->initialize()
#3 C:\xampp\htdocs\Coldigniter-CP-master\Coldigniter-CP-master\system\Database\BaseBuilder.php(1649): CodeIgniter\Database\BaseConnection->query('SELECT *\nFROM `...', Array, false)
#4 C:\xampp\htdocs\Coldigniter-CP-master\Coldigniter-CP-master\system\Model.php(286): CodeIgniter\Database\BaseBuilder->get()
#5 C:\xampp\htdocs\Coldigniter-CP-master\Coldigniter-CP-master\system\BaseModel.php(679): CodeIgniter\Model->doFindAll(0, 0)
#6 C:\xampp\htdocs\Coldigniter-CP-master\Coldigniter-CP-master\app\Controllers\Produtos.php(14): CodeIgniter\BaseModel->findAll()
#7 C:\xampp\htdocs\Coldigniter-CP-master\Coldigniter-CP-master\system\CodeIgniter.php(933): App\Controllers\Produtos->index()
#8 C:\xampp\htdocs\Coldigniter-CP-master\Coldigniter-CP-master\system\CodeIgniter.php(507): CodeIgniter\CodeIgniter->runController(Object(App\Controllers\Produtos))
#9 C:\xampp\htdocs\Coldigniter-CP-master\Coldigniter-CP-master\system\CodeIgniter.php(354): CodeIgniter\CodeIgniter->handleRequest(NULL, Object(Config\Cache), false)
#10 C:\xampp\htdocs\Coldigniter-CP-master\Coldigniter-CP-master\system\Boot.php(334): CodeIgniter\CodeIgniter->run()
#11 C:\xampp\htdocs\Coldigniter-CP-master\Coldigniter-CP-master\system\Boot.php(67): CodeIgniter\Boot::runCodeIgniter(Object(CodeIgniter\CodeIgniter))
#12 C:\xampp\htdocs\Coldigniter-CP-master\Coldigniter-CP-master\public\index.php(59): CodeIgniter\Boot::bootWeb(Object(Config\Paths))
#13 C:\xampp\htdocs\Coldigniter-CP-master\Coldigniter-CP-master\system\rewrite.php(44): require_once('C:\\xampp\\htdocs...')
#14 {main}

Next CodeIgniter\Database\Exceptions\DatabaseException: Access denied for user '****'@'localhost' (using password: YES) in C:\xampp\htdocs\Coldigniter-CP-master\Coldigniter-CP-master\system\Database\MySQLi\Connection.php:246
Stack trace:
#0 C:\xampp\htdocs\Coldigniter-CP-master\Coldigniter-CP-master\system\Database\BaseConnection.php(421): CodeIgniter\Database\MySQLi\Connection->connect(false)
#1 C:\xampp\htdocs\Coldigniter-CP-master\Coldigniter-CP-master\system\Database\BaseConnection.php(620): CodeIgniter\Database\BaseConnection->initialize()
#2 C:\xampp\htdocs\Coldigniter-CP-master\Coldigniter-CP-master\system\Database\BaseBuilder.php(1649): CodeIgniter\Database\BaseConnection->query('SELECT *\nFROM `...', Array, false)
#3 C:\xampp\htdocs\Coldigniter-CP-master\Coldigniter-CP-master\system\Model.php(286): CodeIgniter\Database\BaseBuilder->get()
#4 C:\xampp\htdocs\Coldigniter-CP-master\Coldigniter-CP-master\system\BaseModel.php(679): CodeIgniter\Model->doFindAll(0, 0)
#5 C:\xampp\htdocs\Coldigniter-CP-master\Coldigniter-CP-master\app\Controllers\Produtos.php(14): CodeIgniter\BaseModel->findAll()
#6 C:\xampp\htdocs\Coldigniter-CP-master\Coldigniter-CP-master\system\CodeIgniter.php(933): App\Controllers\Produtos->index()
#7 C:\xampp\htdocs\Coldigniter-CP-master\Coldigniter-CP-master\system\CodeIgniter.php(507): CodeIgniter\CodeIgniter->runController(Object(App\Controllers\Produtos))
#8 C:\xampp\htdocs\Coldigniter-CP-master\Coldigniter-CP-master\system\CodeIgniter.php(354): CodeIgniter\CodeIgniter->handleRequest(NULL, Object(Config\Cache), false)
#9 C:\xampp\htdocs\Coldigniter-CP-master\Coldigniter-CP-master\system\Boot.php(334): CodeIgniter\CodeIgniter->run()
#10 C:\xampp\htdocs\Coldigniter-CP-master\Coldigniter-CP-master\system\Boot.php(67): CodeIgniter\Boot::runCodeIgniter(Object(CodeIgniter\CodeIgniter))
#11 C:\xampp\htdocs\Coldigniter-CP-master\Coldigniter-CP-master\public\index.php(59): CodeIgniter\Boot::bootWeb(Object(Config\Paths))
#12 C:\xampp\htdocs\Coldigniter-CP-master\Coldigniter-CP-master\system\rewrite.php(44): require_once('C:\\xampp\\htdocs...')
#13 {main}
CRITICAL - 2025-07-01 17:23:52 --> CodeIgniter\Database\Exceptions\DatabaseException: Unable to connect to the database.
Main connection [MySQLi]: Access denied for user '****'@'localhost' (using password: YES)
[Method: GET, Route: /]
in SYSTEMPATH\Database\BaseConnection.php on line 467.
 1 SYSTEMPATH\Database\BaseConnection.php(620): CodeIgniter\Database\BaseConnection->initialize()
 2 SYSTEMPATH\Database\BaseBuilder.php(1649): CodeIgniter\Database\BaseConnection->query('SELECT *
FROM `produtos`', [], false)
 3 SYSTEMPATH\Model.php(286): CodeIgniter\Database\BaseBuilder->get()
 4 SYSTEMPATH\BaseModel.php(679): CodeIgniter\Model->doFindAll(0, 0)
 5 APPPATH\Controllers\Produtos.php(14): CodeIgniter\BaseModel->findAll()
 6 SYSTEMPATH\CodeIgniter.php(933): App\Controllers\Produtos->index()
 7 SYSTEMPATH\CodeIgniter.php(507): CodeIgniter\CodeIgniter->runController(Object(App\Controllers\Produtos))
 8 SYSTEMPATH\CodeIgniter.php(354): CodeIgniter\CodeIgniter->handleRequest(null, Object(Config\Cache), false)
 9 SYSTEMPATH\Boot.php(334): CodeIgniter\CodeIgniter->run()
10 SYSTEMPATH\Boot.php(67): CodeIgniter\Boot::runCodeIgniter(Object(CodeIgniter\CodeIgniter))
11 FCPATH\index.php(59): CodeIgniter\Boot::bootWeb(Object(Config\Paths))
12 SYSTEMPATH\rewrite.php(44): require_once('C:\\xampp\\htdocs\\Coldigniter-CP-master\\Coldigniter-CP-master\\public\\index.php')
ERROR - 2025-07-01 17:30:19 --> Error connecting to the database: mysqli_sql_exception: Unknown database 'bd_produtos' in C:\xampp\htdocs\Coldigniter-CP-master\Coldigniter-CP-master\system\Database\MySQLi\Connection.php:201
Stack trace:
#0 C:\xampp\htdocs\Coldigniter-CP-master\Coldigniter-CP-master\system\Database\MySQLi\Connection.php(201): mysqli->real_connect('localhost', 'root', Object(SensitiveParameterValue), 'bd_produtos', 3306, '', 0)
#1 C:\xampp\htdocs\Coldigniter-CP-master\Coldigniter-CP-master\system\Database\BaseConnection.php(421): CodeIgniter\Database\MySQLi\Connection->connect(false)
#2 C:\xampp\htdocs\Coldigniter-CP-master\Coldigniter-CP-master\system\Database\BaseConnection.php(620): CodeIgniter\Database\BaseConnection->initialize()
#3 C:\xampp\htdocs\Coldigniter-CP-master\Coldigniter-CP-master\system\Database\BaseBuilder.php(1649): CodeIgniter\Database\BaseConnection->query('SELECT *\nFROM `...', Array, false)
#4 C:\xampp\htdocs\Coldigniter-CP-master\Coldigniter-CP-master\system\Model.php(286): CodeIgniter\Database\BaseBuilder->get()
#5 C:\xampp\htdocs\Coldigniter-CP-master\Coldigniter-CP-master\system\BaseModel.php(679): CodeIgniter\Model->doFindAll(0, 0)
#6 C:\xampp\htdocs\Coldigniter-CP-master\Coldigniter-CP-master\app\Controllers\Produtos.php(14): CodeIgniter\BaseModel->findAll()
#7 C:\xampp\htdocs\Coldigniter-CP-master\Coldigniter-CP-master\system\CodeIgniter.php(933): App\Controllers\Produtos->index()
#8 C:\xampp\htdocs\Coldigniter-CP-master\Coldigniter-CP-master\system\CodeIgniter.php(507): CodeIgniter\CodeIgniter->runController(Object(App\Controllers\Produtos))
#9 C:\xampp\htdocs\Coldigniter-CP-master\Coldigniter-CP-master\system\CodeIgniter.php(354): CodeIgniter\CodeIgniter->handleRequest(NULL, Object(Config\Cache), false)
#10 C:\xampp\htdocs\Coldigniter-CP-master\Coldigniter-CP-master\system\Boot.php(334): CodeIgniter\CodeIgniter->run()
#11 C:\xampp\htdocs\Coldigniter-CP-master\Coldigniter-CP-master\system\Boot.php(67): CodeIgniter\Boot::runCodeIgniter(Object(CodeIgniter\CodeIgniter))
#12 C:\xampp\htdocs\Coldigniter-CP-master\Coldigniter-CP-master\public\index.php(59): CodeIgniter\Boot::bootWeb(Object(Config\Paths))
#13 C:\xampp\htdocs\Coldigniter-CP-master\Coldigniter-CP-master\system\rewrite.php(44): require_once('C:\\xampp\\htdocs...')
#14 {main}

Next CodeIgniter\Database\Exceptions\DatabaseException: Unknown database 'bd_produtos' in C:\xampp\htdocs\Coldigniter-CP-master\Coldigniter-CP-master\system\Database\MySQLi\Connection.php:246
Stack trace:
#0 C:\xampp\htdocs\Coldigniter-CP-master\Coldigniter-CP-master\system\Database\BaseConnection.php(421): CodeIgniter\Database\MySQLi\Connection->connect(false)
#1 C:\xampp\htdocs\Coldigniter-CP-master\Coldigniter-CP-master\system\Database\BaseConnection.php(620): CodeIgniter\Database\BaseConnection->initialize()
#2 C:\xampp\htdocs\Coldigniter-CP-master\Coldigniter-CP-master\system\Database\BaseBuilder.php(1649): CodeIgniter\Database\BaseConnection->query('SELECT *\nFROM `...', Array, false)
#3 C:\xampp\htdocs\Coldigniter-CP-master\Coldigniter-CP-master\system\Model.php(286): CodeIgniter\Database\BaseBuilder->get()
#4 C:\xampp\htdocs\Coldigniter-CP-master\Coldigniter-CP-master\system\BaseModel.php(679): CodeIgniter\Model->doFindAll(0, 0)
#5 C:\xampp\htdocs\Coldigniter-CP-master\Coldigniter-CP-master\app\Controllers\Produtos.php(14): CodeIgniter\BaseModel->findAll()
#6 C:\xampp\htdocs\Coldigniter-CP-master\Coldigniter-CP-master\system\CodeIgniter.php(933): App\Controllers\Produtos->index()
#7 C:\xampp\htdocs\Coldigniter-CP-master\Coldigniter-CP-master\system\CodeIgniter.php(507): CodeIgniter\CodeIgniter->runController(Object(App\Controllers\Produtos))
#8 C:\xampp\htdocs\Coldigniter-CP-master\Coldigniter-CP-master\system\CodeIgniter.php(354): CodeIgniter\CodeIgniter->handleRequest(NULL, Object(Config\Cache), false)
#9 C:\xampp\htdocs\Coldigniter-CP-master\Coldigniter-CP-master\system\Boot.php(334): CodeIgniter\CodeIgniter->run()
#10 C:\xampp\htdocs\Coldigniter-CP-master\Coldigniter-CP-master\system\Boot.php(67): CodeIgniter\Boot::runCodeIgniter(Object(CodeIgniter\CodeIgniter))
#11 C:\xampp\htdocs\Coldigniter-CP-master\Coldigniter-CP-master\public\index.php(59): CodeIgniter\Boot::bootWeb(Object(Config\Paths))
#12 C:\xampp\htdocs\Coldigniter-CP-master\Coldigniter-CP-master\system\rewrite.php(44): require_once('C:\\xampp\\htdocs...')
#13 {main}
CRITICAL - 2025-07-01 17:30:19 --> CodeIgniter\Database\Exceptions\DatabaseException: Unable to connect to the database.
Main connection [MySQLi]: Unknown database 'bd_produtos'
[Method: GET, Route: /]
in SYSTEMPATH\Database\BaseConnection.php on line 467.
 1 SYSTEMPATH\Database\BaseConnection.php(620): CodeIgniter\Database\BaseConnection->initialize()
 2 SYSTEMPATH\Database\BaseBuilder.php(1649): CodeIgniter\Database\BaseConnection->query('SELECT *
FROM `produtos`', [], false)
 3 SYSTEMPATH\Model.php(286): CodeIgniter\Database\BaseBuilder->get()
 4 SYSTEMPATH\BaseModel.php(679): CodeIgniter\Model->doFindAll(0, 0)
 5 APPPATH\Controllers\Produtos.php(14): CodeIgniter\BaseModel->findAll()
 6 SYSTEMPATH\CodeIgniter.php(933): App\Controllers\Produtos->index()
 7 SYSTEMPATH\CodeIgniter.php(507): CodeIgniter\CodeIgniter->runController(Object(App\Controllers\Produtos))
 8 SYSTEMPATH\CodeIgniter.php(354): CodeIgniter\CodeIgniter->handleRequest(null, Object(Config\Cache), false)
 9 SYSTEMPATH\Boot.php(334): CodeIgniter\CodeIgniter->run()
10 SYSTEMPATH\Boot.php(67): CodeIgniter\Boot::runCodeIgniter(Object(CodeIgniter\CodeIgniter))
11 FCPATH\index.php(59): CodeIgniter\Boot::bootWeb(Object(Config\Paths))
12 SYSTEMPATH\rewrite.php(44): require_once('C:\\xampp\\htdocs\\Coldigniter-CP-master\\Coldigniter-CP-master\\public\\index.php')
CRITICAL - 2025-07-01 17:52:42 --> ParseError: syntax error, unexpected token "<", expecting end of file
[Method: GET, Route: /]
in APPPATH\Views\index.php on line 75.
 1 SYSTEMPATH\View\View.php(227): CodeIgniter\View\View->CodeIgniter\View\{closure}()
 2 SYSTEMPATH\Common.php(1173): CodeIgniter\View\View->render('index', [], true)
 3 APPPATH\Controllers\Home.php(14): view('index', [...])
 4 SYSTEMPATH\CodeIgniter.php(933): App\Controllers\Home->index()
 5 SYSTEMPATH\CodeIgniter.php(507): CodeIgniter\CodeIgniter->runController(Object(App\Controllers\Home))
 6 SYSTEMPATH\CodeIgniter.php(354): CodeIgniter\CodeIgniter->handleRequest(null, Object(Config\Cache), false)
 7 SYSTEMPATH\Boot.php(334): CodeIgniter\CodeIgniter->run()
 8 SYSTEMPATH\Boot.php(67): CodeIgniter\Boot::runCodeIgniter(Object(CodeIgniter\CodeIgniter))
 9 FCPATH\index.php(59): CodeIgniter\Boot::bootWeb(Object(Config\Paths))
10 SYSTEMPATH\rewrite.php(44): require_once('C:\\xampp\\htdocs\\Coldigniter-CP-master\\Coldigniter-CP-master\\public\\index.php')
CRITICAL - 2025-07-01 17:56:15 --> ErrorException: Undefined array key "id"
[Method: GET, Route: /]
in APPPATH\Views\index.php on line 95.
 1 APPPATH\Views\index.php(95): CodeIgniter\Debug\Exceptions->errorHandler(2, 'Undefined array key "id"', 'C:\\xampp\\htdocs\\Coldigniter-CP-master\\Coldigniter-CP-master\\app\\Views\\index.php', 95)
 2 SYSTEMPATH\View\View.php(224): include('C:\\xampp\\htdocs\\Coldigniter-CP-master\\Coldigniter-CP-master\\app\\Views\\index.php')
 3 SYSTEMPATH\View\View.php(227): CodeIgniter\View\View->CodeIgniter\View\{closure}()
 4 SYSTEMPATH\Common.php(1173): CodeIgniter\View\View->render('index', [], true)
 5 APPPATH\Controllers\Home.php(15): view('index', [...])
 6 SYSTEMPATH\CodeIgniter.php(933): App\Controllers\Home->index()
 7 SYSTEMPATH\CodeIgniter.php(507): CodeIgniter\CodeIgniter->runController(Object(App\Controllers\Home))
 8 SYSTEMPATH\CodeIgniter.php(354): CodeIgniter\CodeIgniter->handleRequest(null, Object(Config\Cache), false)
 9 SYSTEMPATH\Boot.php(334): CodeIgniter\CodeIgniter->run()
10 SYSTEMPATH\Boot.php(67): CodeIgniter\Boot::runCodeIgniter(Object(CodeIgniter\CodeIgniter))
11 FCPATH\index.php(59): CodeIgniter\Boot::bootWeb(Object(Config\Paths))
12 SYSTEMPATH\rewrite.php(44): require_once('C:\\xampp\\htdocs\\Coldigniter-CP-master\\Coldigniter-CP-master\\public\\index.php')
CRITICAL - 2025-07-01 18:26:48 --> ErrorException: Undefined variable $produto
[Method: GET, Route: produto/editar/2]
in APPPATH\Views\form.php on line 11.
 1 APPPATH\Views\form.php(11): CodeIgniter\Debug\Exceptions->errorHandler(2, 'Undefined variable $produto', 'C:\\xampp\\htdocs\\Coldigniter-CP-master\\Coldigniter-CP-master\\app\\Views\\form.php', 11)
 2 SYSTEMPATH\View\View.php(224): include('C:\\xampp\\htdocs\\Coldigniter-CP-master\\Coldigniter-CP-master\\app\\Views\\form.php')
 3 SYSTEMPATH\View\View.php(227): CodeIgniter\View\View->CodeIgniter\View\{closure}()
 4 SYSTEMPATH\Common.php(1173): CodeIgniter\View\View->render('form', [], true)
 5 APPPATH\Controllers\Home.php(30): view('form', [...])
 6 SYSTEMPATH\CodeIgniter.php(933): App\Controllers\Home->editar('2')
 7 SYSTEMPATH\CodeIgniter.php(507): CodeIgniter\CodeIgniter->runController(Object(App\Controllers\Home))
 8 SYSTEMPATH\CodeIgniter.php(354): CodeIgniter\CodeIgniter->handleRequest(null, Object(Config\Cache), false)
 9 SYSTEMPATH\Boot.php(334): CodeIgniter\CodeIgniter->run()
10 SYSTEMPATH\Boot.php(67): CodeIgniter\Boot::runCodeIgniter(Object(CodeIgniter\CodeIgniter))
11 FCPATH\index.php(59): CodeIgniter\Boot::bootWeb(Object(Config\Paths))
12 SYSTEMPATH\rewrite.php(44): require_once('C:\\xampp\\htdocs\\Coldigniter-CP-master\\Coldigniter-CP-master\\public\\index.php')
CRITICAL - 2025-07-01 18:28:15 --> ErrorException: Undefined variable $produto
[Method: GET, Route: produto/editar/2]
in APPPATH\Views\form.php on line 11.
 1 APPPATH\Views\form.php(11): CodeIgniter\Debug\Exceptions->errorHandler(2, 'Undefined variable $produto', 'C:\\xampp\\htdocs\\Coldigniter-CP-master\\Coldigniter-CP-master\\app\\Views\\form.php', 11)
 2 SYSTEMPATH\View\View.php(224): include('C:\\xampp\\htdocs\\Coldigniter-CP-master\\Coldigniter-CP-master\\app\\Views\\form.php')
 3 SYSTEMPATH\View\View.php(227): CodeIgniter\View\View->CodeIgniter\View\{closure}()
 4 SYSTEMPATH\Common.php(1173): CodeIgniter\View\View->render('form', [], true)
 5 APPPATH\Controllers\Home.php(30): view('form', [...])
 6 SYSTEMPATH\CodeIgniter.php(933): App\Controllers\Home->editar('2')
 7 SYSTEMPATH\CodeIgniter.php(507): CodeIgniter\CodeIgniter->runController(Object(App\Controllers\Home))
 8 SYSTEMPATH\CodeIgniter.php(354): CodeIgniter\CodeIgniter->handleRequest(null, Object(Config\Cache), false)
 9 SYSTEMPATH\Boot.php(334): CodeIgniter\CodeIgniter->run()
10 SYSTEMPATH\Boot.php(67): CodeIgniter\Boot::runCodeIgniter(Object(CodeIgniter\CodeIgniter))
11 FCPATH\index.php(59): CodeIgniter\Boot::bootWeb(Object(Config\Paths))
12 SYSTEMPATH\rewrite.php(44): require_once('C:\\xampp\\htdocs\\Coldigniter-CP-master\\Coldigniter-CP-master\\public\\index.php')
CRITICAL - 2025-07-01 18:28:45 --> ErrorException: Undefined variable $produto
[Method: GET, Route: produto/editar/2]
in APPPATH\Views\form.php on line 11.
 1 APPPATH\Views\form.php(11): CodeIgniter\Debug\Exceptions->errorHandler(2, 'Undefined variable $produto', 'C:\\xampp\\htdocs\\Coldigniter-CP-master\\Coldigniter-CP-master\\app\\Views\\form.php', 11)
 2 SYSTEMPATH\View\View.php(224): include('C:\\xampp\\htdocs\\Coldigniter-CP-master\\Coldigniter-CP-master\\app\\Views\\form.php')
 3 SYSTEMPATH\View\View.php(227): CodeIgniter\View\View->CodeIgniter\View\{closure}()
 4 SYSTEMPATH\Common.php(1173): CodeIgniter\View\View->render('form', [], true)
 5 APPPATH\Controllers\Home.php(30): view('form', [...])
 6 SYSTEMPATH\CodeIgniter.php(933): App\Controllers\Home->editar('2')
 7 SYSTEMPATH\CodeIgniter.php(507): CodeIgniter\CodeIgniter->runController(Object(App\Controllers\Home))
 8 SYSTEMPATH\CodeIgniter.php(354): CodeIgniter\CodeIgniter->handleRequest(null, Object(Config\Cache), false)
 9 SYSTEMPATH\Boot.php(334): CodeIgniter\CodeIgniter->run()
10 SYSTEMPATH\Boot.php(67): CodeIgniter\Boot::runCodeIgniter(Object(CodeIgniter\CodeIgniter))
11 FCPATH\index.php(59): CodeIgniter\Boot::bootWeb(Object(Config\Paths))
12 SYSTEMPATH\rewrite.php(44): require_once('C:\\xampp\\htdocs\\Coldigniter-CP-master\\Coldigniter-CP-master\\public\\index.php')
CRITICAL - 2025-07-01 18:59:28 --> ArgumentCountError: Too few arguments to function CodeIgniter\Router\RouteCollection::post(), 1 passed in C:\xampp\htdocs\Coldigniter-CP-master\Coldigniter-CP-master\app\Config\Routes.php on line 16 and at least 2 expected
[Method: GET, Route: produto/editar/2]
in SYSTEMPATH\Router\RouteCollection.php on line 1062.
 1 APPPATH\Config\Routes.php(16): CodeIgniter\Router\RouteCollection->post('/produtos_excluir/(:num)')
 2 SYSTEMPATH\Router\RouteCollection.php(339): require('C:\\xampp\\htdocs\\Coldigniter-CP-master\\Coldigniter-CP-master\\app\\Config\\Routes.php')
 3 SYSTEMPATH\CodeIgniter.php(821): CodeIgniter\Router\RouteCollection->loadRoutes()
 4 SYSTEMPATH\CodeIgniter.php(455): CodeIgniter\CodeIgniter->tryToRouteIt(null)
 5 SYSTEMPATH\CodeIgniter.php(354): CodeIgniter\CodeIgniter->handleRequest(null, Object(Config\Cache), false)
 6 SYSTEMPATH\Boot.php(334): CodeIgniter\CodeIgniter->run()
 7 SYSTEMPATH\Boot.php(67): CodeIgniter\Boot::runCodeIgniter(Object(CodeIgniter\CodeIgniter))
 8 FCPATH\index.php(59): CodeIgniter\Boot::bootWeb(Object(Config\Paths))
 9 SYSTEMPATH\rewrite.php(44): require_once('C:\\xampp\\htdocs\\Coldigniter-CP-master\\Coldigniter-CP-master\\public\\index.php')
CRITICAL - 2025-07-01 19:02:52 --> ParseError: syntax error, unexpected token ";", expecting ")"
[Method: GET, Route: produto/editar/2]
in APPPATH\Config\Routes.php on line 20.
 1 SYSTEMPATH\CodeIgniter.php(821): CodeIgniter\Router\RouteCollection->loadRoutes()
 2 SYSTEMPATH\CodeIgniter.php(455): CodeIgniter\CodeIgniter->tryToRouteIt(null)
 3 SYSTEMPATH\CodeIgniter.php(354): CodeIgniter\CodeIgniter->handleRequest(null, Object(Config\Cache), false)
 4 SYSTEMPATH\Boot.php(334): CodeIgniter\CodeIgniter->run()
 5 SYSTEMPATH\Boot.php(67): CodeIgniter\Boot::runCodeIgniter(Object(CodeIgniter\CodeIgniter))
 6 FCPATH\index.php(59): CodeIgniter\Boot::bootWeb(Object(Config\Paths))
 7 SYSTEMPATH\rewrite.php(44): require_once('C:\\xampp\\htdocs\\Coldigniter-CP-master\\Coldigniter-CP-master\\public\\index.php')
